<?xml version="1.0"?>
<testsuite name="HeadlessChrome 74.0.3729 (Windows 10.0.0)" package="" timestamp="2019-05-30T12:07:21" id="0" hostname="BSS-CCAMAC-11" tests="1" errors="0" failures="0" time="0.004">
  <properties>
    <property name="browser.fullName" value="Mozilla/5.0 (Windows NT 10.0; Win64; x64) AppleWebKit/537.36 (KHTML, like Gecko) HeadlessChrome/74.0.3729.169 Safari/537.36"/>
  </properties>
  <testcase name="KeyboardShortcutsTestTemplate :: testing methods should return true" time="0.004" classname="HeadlessChrome_74_0_3729_(Windows_10_0_0).KeyboardShortcutsTestTemplate"/>
  <system-out>
    <![CDATA[
]]>
  </system-out>
  <system-err/>
</testsuite>